[INFO][request.go:11]2025/06/11 00:25:24 [Username.Required. Username Can not be empty]
[INFO][request.go:11]2025/06/11 00:25:24 [Password.Required. Password Can not be empty]
[INFO][request.go:11]2025/06/11 00:25:48 [Username.Required. Username Can not be empty]
[INFO][request.go:11]2025/06/11 00:25:48 [Password.Required. Password Can not be empty]
[INFO][request.go:11]2025/06/11 00:25:56 [Username.Required. Username Can not be empty]
[INFO][request.go:11]2025/06/11 00:25:56 [Password.Required. Password Can not be empty]
[INFO][request.go:11]2025/06/11 00:31:03 [CreatedBy.Required. CreatedBy Can not be empty]
[INFO][request.go:11]2025/06/11 00:34:03 [CreatedBy.Required. CreatedBy Can not be empty]
[INFO][request.go:11]2025/06/11 00:36:04 [CreatedBy.Required. CreatedBy Can not be empty]
[INFO][request.go:11]2025/06/11 00:36:58 [CreatedBy.Required. CreatedBy Can not be empty]
[INFO][request.go:11]2025/06/11 00:38:12 [Name.Required. Name Can not be empty]
[INFO][request.go:11]2025/06/11 00:38:12 [CreatedBy.Required. CreatedBy Can not be empty]
[INFO][request.go:11]2025/06/11 13:03:05 [Name.Required. Name Can not be empty]
[INFO][request.go:11]2025/06/11 13:03:05 [ModifiedBy.Required. ModifiedBy Can not be empty]
[INFO][request.go:11]2025/06/11 13:03:21 [Name.Required. Name Can not be empty]
[INFO][request.go:11]2025/06/11 13:03:21 [ModifiedBy.Required. ModifiedBy Can not be empty]
[INFO][request.go:11]2025/06/11 13:03:47 [Name.Required. Name Can not be empty]
[INFO][request.go:11]2025/06/11 13:03:47 [ModifiedBy.Required. ModifiedBy Can not be empty]
[INFO][request.go:11]2025/06/11 13:03:56 [Name.Required. Name Can not be empty]
[INFO][request.go:11]2025/06/11 13:03:56 [ModifiedBy.Required. ModifiedBy Can not be empty]
[INFO][request.go:11]2025/06/11 13:04:38 [State.Range. State Range is 0 to 1]
[INFO][request.go:11]2025/06/11 13:04:40 [State.Range. State Range is 0 to 1]
[INFO][request.go:11]2025/06/11 13:05:26 [State.Range. State Range is 0 to 1]
[INFO][request.go:11]2025/06/11 13:05:31 [State.Range. State Range is 0 to 1]
[INFO][request.go:11]2025/06/11 13:05:32 [State.Range. State Range is 0 to 1]
[INFO][request.go:11]2025/06/11 13:06:50 [State.Range. State Range is 0 to 1]
[INFO][request.go:11]2025/06/11 13:07:31 [State.Range. State Range is 0 to 1]
[INFO][request.go:11]2025/06/11 22:48:21 [id  Minimum is 1]
[INFO][request.go:11]2025/06/11 22:48:48 [id  Minimum is 1]
[INFO][request.go:11]2025/06/11 22:48:48 [id  Minimum is 1]
[INFO][request.go:11]2025/06/11 22:48:56 [id  Minimum is 1]
[INFO][request.go:11]2025/06/11 23:03:11 [TagID.Required. TagID Can not be empty]
[INFO][request.go:11]2025/06/11 23:03:11 [TagID.Min. TagID Minimum is 1]
[INFO][request.go:11]2025/06/11 23:03:11 [Title.Required. Title Can not be empty]
[INFO][request.go:11]2025/06/11 23:03:11 [Desc.Required. Desc Can not be empty]
[INFO][request.go:11]2025/06/11 23:03:11 [Content.Required. Content Can not be empty]
[INFO][request.go:11]2025/06/11 23:03:11 [CreatedBy.Required. CreatedBy Can not be empty]
[INFO][request.go:11]2025/06/11 23:03:11 [CoverImageUrl.Required. CoverImageUrl Can not be empty]
[WARN][upload.go:22]2025/06/11 23:05:08 [http: no such file]
[INFO][request.go:11]2025/06/11 23:09:31 [ModifiedBy.Required. ModifiedBy Can not be empty]
[INFO][request.go:11]2025/06/11 23:09:31 [CoverImageUrl.Required. CoverImageUrl Can not be empty]
[INFO][request.go:11]2025/06/11 23:09:35 [ModifiedBy.Required. ModifiedBy Can not be empty]
[INFO][request.go:11]2025/06/11 23:09:35 [CoverImageUrl.Required. CoverImageUrl Can not be empty]
[INFO][request.go:11]2025/06/11 23:09:52 [ModifiedBy.Required. ModifiedBy Can not be empty]
[INFO][request.go:11]2025/06/11 23:09:52 [CoverImageUrl.Required. CoverImageUrl Can not be empty]
[INFO][request.go:11]2025/06/11 23:09:53 [ModifiedBy.Required. ModifiedBy Can not be empty]
[INFO][request.go:11]2025/06/11 23:09:53 [CoverImageUrl.Required. CoverImageUrl Can not be empty]
[INFO][request.go:11]2025/06/11 23:10:47 [State.Range. State Range is 0 to 1]
[INFO][request.go:11]2025/06/11 23:11:07 [State.Range. State Range is 0 to 1]
[INFO][request.go:11]2025/06/11 23:11:33 [State.Range. State Range is 0 to 1]
[INFO][request.go:11]2025/06/11 23:11:34 [State.Range. State Range is 0 to 1]
[INFO][request.go:11]2025/06/11 23:11:35 [State.Range. State Range is 0 to 1]
[INFO][request.go:11]2025/06/11 23:12:01 [State.Range. State Range is 0 to 1]
[INFO][request.go:11]2025/06/11 23:12:19 [State.Range. State Range is 0 to 1]
[INFO][request.go:11]2025/06/11 23:12:49 [State.Range. State Range is 0 to 1]
[INFO][request.go:11]2025/06/11 23:13:03 [State.Range. State Range is 0 to 1]
[INFO][request.go:11]2025/06/11 23:14:31 [State.Range. State Range is 0 to 1]
